<?xml version="1.0" encoding="UTF-8"?>
<testsuite name="com.webiki.bucketlist.ExampleUnitTest" tests="1" skipped="0" failures="0" errors="0" timestamp="2023-03-21T14:48:29" hostname="NIKITA-DESKTOP" time="0.002">
  <properties/>
  <testcase name="simple name" classname="com.webiki.bucketlist.ExampleUnitTest" time="0.002"/>
  <system-out><![CDATA[]]></system-out>
  <system-err><![CDATA[]]></system-err>
</testsuite>
